<?xml version="1.0" encoding="UTF-8"?>
<testsuite name="org.example.projects.ProductionLineRepositoryTests" tests="1" skipped="0" failures="0" errors="0" timestamp="2025-04-01T07:05:00" hostname="DESKTOP-T64HO54" time="0.251">
  <properties/>
  <testcase name="createProductionLines()" classname="org.example.projects.ProductionLineRepositoryTests" time="0.251"/>
  <system-out><![CDATA[16:04:53.296 [Test worker] DEBUG org.springframework.test.context.BootstrapUtils - Instantiating CacheAwareContextLoaderDelegate from class [org.springframework.test.context.cache.DefaultCacheAwareContextLoaderDelegate]
16:04:53.307 [Test worker] DEBUG org.springframework.test.context.BootstrapUtils - Instantiating BootstrapContext using constructor [public org.springframework.test.context.support.DefaultBootstrapContext(java.lang.Class,org.springframework.test.context.CacheAwareContextLoaderDelegate)]
16:04:53.335 [Test worker] DEBUG org.springframework.test.context.BootstrapUtils - Instantiating TestContextBootstrapper for test class [org.example.projects.ProductionLineRepositoryTests] from class [org.springframework.boot.test.context.SpringBootTestContextBootstrapper]
16:04:53.345 [Test worker] INFO org.springframework.boot.test.context.SpringBootTestContextBootstrapper - Neither @ContextConfiguration nor @ContextHierarchy found for test class [org.example.projects.ProductionLineRepositoryTests], using SpringBootContextLoader
16:04:53.349 [Test worker] DEBUG org.springframework.test.context.support.AbstractContextLoader - Did not detect default resource location for test class [org.example.projects.ProductionLineRepositoryTests]: class path resource [org/example/projects/ProductionLineRepositoryTests-context.xml] does not exist
16:04:53.350 [Test worker] DEBUG org.springframework.test.context.support.AbstractContextLoader - Did not detect default resource location for test class [org.example.projects.ProductionLineRepositoryTests]: class path resource [org/example/projects/ProductionLineRepositoryTestsContext.groovy] does not exist
16:04:53.350 [Test worker] INFO org.springframework.test.context.support.AbstractContextLoader - Could not detect default resource locations for test class [org.example.projects.ProductionLineRepositoryTests]: no resource found for suffixes {-context.xml, Context.groovy}.
16:04:53.351 [Test worker] INFO org.springframework.test.context.support.AnnotationConfigContextLoaderUtils - Could not detect default configuration classes for test class [org.example.projects.ProductionLineRepositoryTests]: ProductionLineRepositoryTests does not declare any static, non-private, non-final, nested classes annotated with @Configuration.
16:04:53.395 [Test worker] DEBUG org.springframework.test.context.support.ActiveProfilesUtils - Could not find an 'annotation declaring class' for annotation type [org.springframework.test.context.ActiveProfiles] and class [org.example.projects.ProductionLineRepositoryTests]
16:04:53.454 [Test worker] DEBUG org.springframework.context.annotation.ClassPathScanningCandidateComponentProvider - Identified candidate component class: file [D:\20250319MES-Group2\20250319MES-Group2\build\classes\java\main\org\example\Main.class]
16:04:53.455 [Test worker] INFO org.springframework.boot.test.context.SpringBootTestContextBootstrapper - Found @SpringBootConfiguration org.example.Main for test class org.example.projects.ProductionLineRepositoryTests
16:04:53.554 [Test worker] DEBUG org.springframework.boot.test.context.SpringBootTestContextBootstrapper - @TestExecutionListeners is not present for class [org.example.projects.ProductionLineRepositoryTests]: using defaults.
16:04:53.555 [Test worker] INFO org.springframework.boot.test.context.SpringBootTestContextBootstrapper - Loaded default TestExecutionListener class names from location [META-INF/spring.factories]: [org.springframework.boot.test.autoconfigure.restdocs.RestDocsTestExecutionListener, org.springframework.boot.test.autoconfigure.web.client.MockRestServiceServerResetTestExecutionListener, org.springframework.boot.test.autoconfigure.web.servlet.MockMvcPrintOnlyOnFailureTestExecutionListener, org.springframework.boot.test.autoconfigure.web.servlet.WebDriverTestExecutionListener, org.springframework.boot.test.autoconfigure.webservices.client.MockWebServiceServerTestExecutionListener, org.springframework.boot.test.mock.mockito.MockitoTestExecutionListener, org.springframework.boot.test.mock.mockito.ResetMocksTestExecutionListener, org.springframework.test.context.web.ServletTestExecutionListener, org.springframework.test.context.support.DirtiesContextBeforeModesTestExecutionListener, org.springframework.test.context.event.ApplicationEventsTestExecutionListener, org.springframework.test.context.support.DependencyInjectionTestExecutionListener, org.springframework.test.context.support.DirtiesContextTestExecutionListener, org.springframework.test.context.transaction.TransactionalTestExecutionListener, org.springframework.test.context.jdbc.SqlScriptsTestExecutionListener, org.springframework.test.context.event.EventPublishingTestExecutionListener]
16:04:53.571 [Test worker] INFO org.springframework.boot.test.context.SpringBootTestContextBootstrapper - Using TestExecutionListeners: [org.springframework.test.context.web.ServletTestExecutionListener@62577d6, org.springframework.test.context.support.DirtiesContextBeforeModesTestExecutionListener@49bd54f7, org.springframework.test.context.event.ApplicationEventsTestExecutionListener@6b5f8707, org.springframework.boot.test.mock.mockito.MockitoTestExecutionListener@772485dd, org.springframework.boot.test.autoconfigure.SpringBootDependencyInjectionTestExecutionListener@5a12c728, org.springframework.test.context.support.DirtiesContextTestExecutionListener@79ab3a71, org.springframework.test.context.transaction.TransactionalTestExecutionListener@6e5bfdfc, org.springframework.test.context.jdbc.SqlScriptsTestExecutionListener@3d829787, org.springframework.test.context.event.EventPublishingTestExecutionListener@71652c98, org.springframework.boot.test.autoconfigure.restdocs.RestDocsTestExecutionListener@51bde877, org.springframework.boot.test.autoconfigure.web.client.MockRestServiceServerResetTestExecutionListener@60b85ba1, org.springframework.boot.test.autoconfigure.web.servlet.MockMvcPrintOnlyOnFailureTestExecutionListener@492fc69e, org.springframework.boot.test.autoconfigure.web.servlet.WebDriverTestExecutionListener@117632cf, org.springframework.boot.test.autoconfigure.webservices.client.MockWebServiceServerTestExecutionListener@2fb68ec6, org.springframework.boot.test.mock.mockito.ResetMocksTestExecutionListener@d71adc2]
16:04:53.574 [Test worker] DEBUG org.springframework.test.context.support.AbstractDirtiesContextTestExecutionListener - Before test class: context [DefaultTestContext@7668d560 testClass = ProductionLineRepositoryTests, testInstance = [null], testMethod = [null], testException = [null], mergedContextConfiguration = [WebMergedContextConfiguration@46292372 testClass = ProductionLineRepositoryTests, locations = '{}', classes = '{class org.example.Main}', contextInitializerClasses = '[]', activeProfiles = '{}', propertySourceLocations = '{}', propertySourceProperties = '{org.springframework.boot.test.context.SpringBootTestContextBootstrapper=true}', contextCustomizers = set[org.springframework.boot.test.autoconfigure.actuate.metrics.MetricsExportContextCustomizerFactory$DisableMetricExportContextCustomizer@64dafeed, org.springframework.boot.test.autoconfigure.properties.PropertyMappingContextCustomizer@0, org.springframework.boot.test.autoconfigure.web.servlet.WebDriverContextCustomizerFactory$Customizer@1e1d3956, org.springframework.boot.test.context.filter.ExcludeFilterContextCustomizer@f0e995e, org.springframework.boot.test.json.DuplicateJsonObjectContextCustomizerFactory$DuplicateJsonObjectContextCustomizer@150ab4ed, org.springframework.boot.test.mock.mockito.MockitoContextCustomizer@0, org.springframework.boot.test.web.client.TestRestTemplateContextCustomizer@30990c1b, org.springframework.boot.test.context.SpringBootTestArgs@1, org.springframework.boot.test.context.SpringBootTestWebEnvironment@39d76cb5], resourceBasePath = 'src/main/webapp', contextLoader = 'org.springframework.boot.test.context.SpringBootContextLoader', parent = [null]], attributes = map['org.springframework.test.context.web.ServletTestExecutionListener.activateListener' -> true]], class annotated with @DirtiesContext [false] with mode [null].

  .   ____          _            __ _ _
 /\\ / ___'_ __ _ _(_)_ __  __ _ \ \ \ \
( ( )\___ | '_ | '_| | '_ \/ _` | \ \ \ \
 \\/  ___)| |_)| | | | | || (_| |  ) ) ) )
  '  |____| .__|_| |_|_| |_\__, | / / / /
 =========|_|==============|___/=/_/_/_/
 :: Spring Boot ::                (v2.7.3)

2025-04-01 16:04:53.931  INFO 4296 --- [    Test worker] o.e.p.ProductionLineRepositoryTests      : Starting ProductionLineRepositoryTests using Java 11.0.2 on DESKTOP-T64HO54 with PID 4296 (started by human-08 in D:\20250319MES-Group2\20250319MES-Group2)
2025-04-01 16:04:53.933  INFO 4296 --- [    Test worker] o.e.p.ProductionLineRepositoryTests      : No active profile set, falling back to 1 default profile: "default"
2025-04-01 16:04:55.179  INFO 4296 --- [    Test worker] .s.d.r.c.RepositoryConfigurationDelegate : Bootstrapping Spring Data JPA repositories in DEFAULT mode.
2025-04-01 16:04:55.265  INFO 4296 --- [    Test worker] .s.d.r.c.RepositoryConfigurationDelegate : Finished Spring Data repository scanning in 77 ms. Found 7 JPA repository interfaces.
2025-04-01 16:04:55.412  WARN 4296 --- [    Test worker] o.m.s.mapper.ClassPathMapperScanner      : No MyBatis mapper was found in '[org.example]' package. Please check your configuration.
2025-04-01 16:04:55.968  INFO 4296 --- [    Test worker] o.hibernate.jpa.internal.util.LogHelper  : HHH000204: Processing PersistenceUnitInfo [name: default]
2025-04-01 16:04:56.031  INFO 4296 --- [    Test worker] org.hibernate.Version                    : HHH000412: Hibernate ORM core version 5.6.10.Final
2025-04-01 16:04:56.235  INFO 4296 --- [    Test worker] o.hibernate.annotations.common.Version   : HCANN000001: Hibernate Commons Annotations {5.1.2.Final}
2025-04-01 16:04:56.348  INFO 4296 --- [    Test worker] com.zaxxer.hikari.HikariDataSource       : HikariPool-1 - Starting...
2025-04-01 16:04:56.421  INFO 4296 --- [    Test worker] com.zaxxer.hikari.HikariDataSource       : HikariPool-1 - Start completed.
2025-04-01 16:04:56.438  INFO 4296 --- [    Test worker] org.hibernate.dialect.Dialect            : HHH000400: Using dialect: org.hibernate.dialect.MariaDBDialect
2025-04-01 16:04:57.434  INFO 4296 --- [    Test worker] o.h.e.t.j.p.i.JtaPlatformInitiator       : HHH000490: Using JtaPlatform implementation: [org.hibernate.engine.transaction.jta.platform.internal.NoJtaPlatform]
2025-04-01 16:04:57.443  INFO 4296 --- [    Test worker] j.LocalContainerEntityManagerFactoryBean : Initialized JPA EntityManagerFactory for persistence unit 'default'
2025-04-01 16:04:58.088 DEBUG 4296 --- [    Test worker] .PrePostAnnotationSecurityMetadataSource : @org.springframework.security.access.prepost.PreAuthorize(value="hasRole('USER')") found on specific method: public java.lang.String org.example.projects.controller.ProductionLineController.createLine(org.example.projects.dto.ProductionLineDTO)
2025-04-01 16:04:58.112 DEBUG 4296 --- [    Test worker] m.DelegatingMethodSecurityMetadataSource : Caching method [CacheKey[org.example.projects.controller.ProductionLineController; public java.lang.String org.example.projects.controller.ProductionLineController.createLine(org.example.projects.dto.ProductionLineDTO)]] with attributes [[authorize: 'hasRole('USER')', filter: 'null', filterTarget: 'null']]
2025-04-01 16:04:58.132 TRACE 4296 --- [    Test worker] o.s.s.a.i.a.MethodSecurityInterceptor    : Validated configuration attributes
2025-04-01 16:04:58.133 DEBUG 4296 --- [    Test worker] .PrePostAnnotationSecurityMetadataSource : @org.springframework.security.access.prepost.PreAuthorize(value="hasRole('USER')") found on specific method: public java.lang.String org.example.projects.controller.ProductionLineController.modifyLine(org.example.projects.dto.ProductionLineDTO)
2025-04-01 16:04:58.134 DEBUG 4296 --- [    Test worker] m.DelegatingMethodSecurityMetadataSource : Caching method [CacheKey[org.example.projects.controller.ProductionLineController; public java.lang.String org.example.projects.controller.ProductionLineController.modifyLine(org.example.projects.dto.ProductionLineDTO)]] with attributes [[authorize: 'hasRole('USER')', filter: 'null', filterTarget: 'null']]
2025-04-01 16:04:58.134 DEBUG 4296 --- [    Test worker] .PrePostAnnotationSecurityMetadataSource : @org.springframework.security.access.prepost.PreAuthorize(value="hasRole('USER')") found on specific method: public java.lang.String org.example.projects.controller.ProductionLineController.deletedLine(java.lang.String)
2025-04-01 16:04:58.134 DEBUG 4296 --- [    Test worker] m.DelegatingMethodSecurityMetadataSource : Caching method [CacheKey[org.example.projects.controller.ProductionLineController; public java.lang.String org.example.projects.controller.ProductionLineController.deletedLine(java.lang.String)]] with attributes [[authorize: 'hasRole('USER')', filter: 'null', filterTarget: 'null']]
2025-04-01 16:04:58.424 DEBUG 4296 --- [    Test worker] .PrePostAnnotationSecurityMetadataSource : @org.springframework.security.access.prepost.PreAuthorize(value="hasRole('USER')") found on specific method: public java.lang.String org.example.projects.controller.ProductionPlanController.createPlan(org.example.projects.dto.ProductionPlanDTO,java.lang.String,org.springframework.web.multipart.MultipartFile)
2025-04-01 16:04:58.424 DEBUG 4296 --- [    Test worker] m.DelegatingMethodSecurityMetadataSource : Caching method [CacheKey[org.example.projects.controller.ProductionPlanController; public java.lang.String org.example.projects.controller.ProductionPlanController.createPlan(org.example.projects.dto.ProductionPlanDTO,java.lang.String,org.springframework.web.multipart.MultipartFile)]] with attributes [[authorize: 'hasRole('USER')', filter: 'null', filterTarget: 'null']]
2025-04-01 16:04:58.425 DEBUG 4296 --- [    Test worker] .PrePostAnnotationSecurityMetadataSource : @org.springframework.security.access.prepost.PreAuthorize(value="hasRole('USER')") found on specific method: public java.lang.String org.example.projects.controller.ProductionPlanController.deletePlan(java.lang.Long)
2025-04-01 16:04:58.426 DEBUG 4296 --- [    Test worker] m.DelegatingMethodSecurityMetadataSource : Caching method [CacheKey[org.example.projects.controller.ProductionPlanController; public java.lang.String org.example.projects.controller.ProductionPlanController.deletePlan(java.lang.Long)]] with attributes [[authorize: 'hasRole('USER')', filter: 'null', filterTarget: 'null']]
2025-04-01 16:04:58.426 DEBUG 4296 --- [    Test worker] .PrePostAnnotationSecurityMetadataSource : @org.springframework.security.access.prepost.PreAuthorize(value="hasRole('USER')") found on specific method: public java.lang.String org.example.projects.controller.ProductionPlanController.modifyPlan(org.example.projects.dto.ProductionPlanDTO,java.lang.String,org.springframework.web.multipart.MultipartFile)
2025-04-01 16:04:58.426 DEBUG 4296 --- [    Test worker] m.DelegatingMethodSecurityMetadataSource : Caching method [CacheKey[org.example.projects.controller.ProductionPlanController; public java.lang.String org.example.projects.controller.ProductionPlanController.modifyPlan(org.example.projects.dto.ProductionPlanDTO,java.lang.String,org.springframework.web.multipart.MultipartFile)]] with attributes [[authorize: 'hasRole('USER')', filter: 'null', filterTarget: 'null']]
2025-04-01 16:04:58.501 TRACE 4296 --- [    Test worker] eGlobalAuthenticationAutowiredConfigurer : Eagerly initializing {customSecurityConfig=org.example.projects.config.CustomSecurityConfig$$EnhancerBySpringCGLIB$$e8a11f20@492d38a2}
2025-04-01 16:04:58.576  INFO 4296 --- [    Test worker] o.e.p.config.CustomSecurityConfig        : ---------------------config-----------------------------
2025-04-01 16:04:58.694 DEBUG 4296 --- [    Test worker] edFilterInvocationSecurityMetadataSource : Adding web access control expression [permitAll] for ExactUrl [processUrl='/login?error=true']
2025-04-01 16:04:58.695 DEBUG 4296 --- [    Test worker] edFilterInvocationSecurityMetadataSource : Adding web access control expression [permitAll] for ExactUrl [processUrl='/login']
2025-04-01 16:04:58.696 DEBUG 4296 --- [    Test worker] edFilterInvocationSecurityMetadataSource : Adding web access control expression [permitAll] for ExactUrl [processUrl='/login']
2025-04-01 16:04:58.696 DEBUG 4296 --- [    Test worker] edFilterInvocationSecurityMetadataSource : Adding web access control expression [permitAll] for Ant [pattern='/login']
2025-04-01 16:04:58.696 DEBUG 4296 --- [    Test worker] edFilterInvocationSecurityMetadataSource : Adding web access control expression [permitAll] for Ant [pattern='/oauth2/**']
2025-04-01 16:04:58.696 DEBUG 4296 --- [    Test worker] edFilterInvocationSecurityMetadataSource : Adding web access control expression [permitAll] for Ant [pattern='/error']
2025-04-01 16:04:58.696 DEBUG 4296 --- [    Test worker] edFilterInvocationSecurityMetadataSource : Adding web access control expression [hasRole('ROLE_USER')] for Ant [pattern='/plan/**']
2025-04-01 16:04:58.697 DEBUG 4296 --- [    Test worker] edFilterInvocationSecurityMetadataSource : Adding web access control expression [authenticated] for any request
2025-04-01 16:04:58.702 TRACE 4296 --- [    Test worker] o.s.s.w.a.i.FilterSecurityInterceptor    : Validated configuration attributes
2025-04-01 16:04:58.702 TRACE 4296 --- [    Test worker] o.s.s.w.a.i.FilterSecurityInterceptor    : Validated configuration attributes
2025-04-01 16:04:58.710  INFO 4296 --- [    Test worker] o.s.s.web.DefaultSecurityFilterChain     : Will secure any request with [org.springframework.security.web.session.DisableEncodeUrlFilter@7f19430f, org.springframework.security.web.context.request.async.WebAsyncManagerIntegrationFilter@5e89e527, org.springframework.security.web.context.SecurityContextPersistenceFilter@304933cb, org.springframework.security.web.header.HeaderWriterFilter@322399e6, org.springframework.security.web.authentication.logout.LogoutFilter@2aac60b, org.springframework.security.web.authentication.UsernamePasswordAuthenticationFilter@1cecd0a9, org.springframework.security.web.savedrequest.RequestCacheAwareFilter@4d1f6e1c, org.springframework.security.web.servletapi.SecurityContextHolderAwareRequestFilter@3431cb1f, org.springframework.security.web.authentication.rememberme.RememberMeAuthenticationFilter@74597c37, org.springframework.security.web.authentication.AnonymousAuthenticationFilter@41f84bb1, org.springframework.security.web.session.SessionManagementFilter@1e5921ec, org.springframework.security.web.access.ExceptionTranslationFilter@77587422, org.springframework.security.web.access.intercept.FilterSecurityInterceptor@193710c3]
2025-04-01 16:04:58.715  INFO 4296 --- [    Test worker] o.e.p.config.CustomSecurityConfig        : -------------------------web configure--------------------
2025-04-01 16:04:58.736  WARN 4296 --- [    Test worker] o.s.s.c.a.web.builders.WebSecurity       : You are asking Spring Security to ignore org.springframework.boot.autoconfigure.security.servlet.StaticResourceRequest$StaticResourceRequestMatcher@3524ee20. This is not recommended -- please use permitAll via HttpSecurity#authorizeHttpRequests instead.
2025-04-01 16:04:58.736  INFO 4296 --- [    Test worker] o.s.s.web.DefaultSecurityFilterChain     : Will not secure org.springframework.boot.autoconfigure.security.servlet.StaticResourceRequest$StaticResourceRequestMatcher@3524ee20
2025-04-01 16:04:59.049  WARN 4296 --- [    Test worker] JpaBaseConfiguration$JpaWebConfiguration : spring.jpa.open-in-view is enabled by default. Therefore, database queries may be performed during view rendering. Explicitly configure spring.jpa.open-in-view to disable this warning
2025-04-01 16:05:00.173  INFO 4296 --- [    Test worker] o.s.b.a.e.web.EndpointLinksResolver      : Exposing 1 endpoint(s) beneath base path '/actuator'
2025-04-01 16:05:00.278  INFO 4296 --- [    Test worker] o.e.p.ProductionLineRepositoryTests      : Started ProductionLineRepositoryTests in 6.635 seconds (JVM running for 7.824)
Hibernate: 
    select
        count(*) as col_0_0_ 
    from
        user_role userrole0_
Hibernate: 
    insert 
    into
        production_lines
        (achieved_qty, capacity, equipment, location, manager, process_type, production_line_name, production_line_status, progress, reg_date, today_qty, production_line_code) 
    values
        (?, ?, ?, ?, ?, ?, ?, ?, ?, ?, ?, ?)
2025-04-01 16:05:00.536  INFO 4296 --- [    Test worker] o.e.p.ProductionLineRepositoryTests      : Saved production line: org.example.projects.domain.ProductionLine@7aafac17
Hibernate: 
    insert 
    into
        production_lines
        (achieved_qty, capacity, equipment, location, manager, process_type, production_line_name, production_line_status, progress, reg_date, today_qty, production_line_code) 
    values
        (?, ?, ?, ?, ?, ?, ?, ?, ?, ?, ?, ?)
2025-04-01 16:05:00.545  INFO 4296 --- [    Test worker] o.e.p.ProductionLineRepositoryTests      : Saved production line: org.example.projects.domain.ProductionLine@650ee893
Hibernate: 
    insert 
    into
        production_lines
        (achieved_qty, capacity, equipment, location, manager, process_type, production_line_name, production_line_status, progress, reg_date, today_qty, production_line_code) 
    values
        (?, ?, ?, ?, ?, ?, ?, ?, ?, ?, ?, ?)
2025-04-01 16:05:00.553  INFO 4296 --- [    Test worker] o.e.p.ProductionLineRepositoryTests      : Saved production line: org.example.projects.domain.ProductionLine@31b9108b
Hibernate: 
    insert 
    into
        production_lines
        (achieved_qty, capacity, equipment, location, manager, process_type, production_line_name, production_line_status, progress, reg_date, today_qty, production_line_code) 
    values
        (?, ?, ?, ?, ?, ?, ?, ?, ?, ?, ?, ?)
2025-04-01 16:05:00.561  INFO 4296 --- [    Test worker] o.e.p.ProductionLineRepositoryTests      : Saved production line: org.example.projects.domain.ProductionLine@537979aa
Hibernate: 
    insert 
    into
        production_lines
        (achieved_qty, capacity, equipment, location, manager, process_type, production_line_name, production_line_status, progress, reg_date, today_qty, production_line_code) 
    values
        (?, ?, ?, ?, ?, ?, ?, ?, ?, ?, ?, ?)
2025-04-01 16:05:00.569  INFO 4296 --- [    Test worker] o.e.p.ProductionLineRepositoryTests      : Saved production line: org.example.projects.domain.ProductionLine@7d91e9c9
Hibernate: 
    select
        production0_.production_line_code as producti1_4_,
        production0_.achieved_qty as achieved2_4_,
        production0_.capacity as capacity3_4_,
        production0_.equipment as equipmen4_4_,
        production0_.location as location5_4_,
        production0_.manager as manager6_4_,
        production0_.process_type as process_7_4_,
        production0_.production_line_name as producti8_4_,
        production0_.production_line_status as producti9_4_,
        production0_.progress as progres10_4_,
        production0_.reg_date as reg_dat11_4_,
        production0_.today_qty as today_q12_4_ 
    from
        production_lines production0_
Hibernate: 
    select
        production0_.production_line_code as producti5_2_0_,
        production0_.id as id1_2_0_,
        production0_.id as id1_2_1_,
        production0_.completed as complete2_2_1_,
        production0_.process_type as process_3_2_1_,
        production0_.production_line_code as producti5_2_1_,
        production0_.progress as progress4_2_1_ 
    from
        processes production0_ 
    where
        production0_.production_line_code=?
Hibernate: 
    select
        production0_.production_line_code as producti5_2_0_,
        production0_.id as id1_2_0_,
        production0_.id as id1_2_1_,
        production0_.completed as complete2_2_1_,
        production0_.process_type as process_3_2_1_,
        production0_.production_line_code as producti5_2_1_,
        production0_.progress as progress4_2_1_ 
    from
        processes production0_ 
    where
        production0_.production_line_code=?
Hibernate: 
    select
        production0_.production_line_code as producti5_2_0_,
        production0_.id as id1_2_0_,
        production0_.id as id1_2_1_,
        production0_.completed as complete2_2_1_,
        production0_.process_type as process_3_2_1_,
        production0_.production_line_code as producti5_2_1_,
        production0_.progress as progress4_2_1_ 
    from
        processes production0_ 
    where
        production0_.production_line_code=?
Hibernate: 
    select
        production0_.production_line_code as producti5_2_0_,
        production0_.id as id1_2_0_,
        production0_.id as id1_2_1_,
        production0_.completed as complete2_2_1_,
        production0_.process_type as process_3_2_1_,
        production0_.production_line_code as producti5_2_1_,
        production0_.progress as progress4_2_1_ 
    from
        processes production0_ 
    where
        production0_.production_line_code=?
Hibernate: 
    select
        production0_.production_line_code as producti5_2_0_,
        production0_.id as id1_2_0_,
        production0_.id as id1_2_1_,
        production0_.completed as complete2_2_1_,
        production0_.process_type as process_3_2_1_,
        production0_.production_line_code as producti5_2_1_,
        production0_.progress as progress4_2_1_ 
    from
        processes production0_ 
    where
        production0_.production_line_code=?
2025-04-01 16:05:00.615  INFO 4296 --- [    Test worker] o.e.p.ProductionLineRepositoryTests      : Total production lines saved: 5
2025-04-01 16:05:00.616  INFO 4296 --- [    Test worker] o.e.p.ProductionLineRepositoryTests      : Production Line: org.example.projects.domain.ProductionLine@17d13926
2025-04-01 16:05:00.616  INFO 4296 --- [    Test worker] o.e.p.ProductionLineRepositoryTests      : Production Line: org.example.projects.domain.ProductionLine@7c4663ec
2025-04-01 16:05:00.616  INFO 4296 --- [    Test worker] o.e.p.ProductionLineRepositoryTests      : Production Line: org.example.projects.domain.ProductionLine@35f79e6d
2025-04-01 16:05:00.616  INFO 4296 --- [    Test worker] o.e.p.ProductionLineRepositoryTests      : Production Line: org.example.projects.domain.ProductionLine@319e02e7
2025-04-01 16:05:00.616  INFO 4296 --- [    Test worker] o.e.p.ProductionLineRepositoryTests      : Production Line: org.example.projects.domain.ProductionLine@742ce3ad
]]></system-out>
  <system-err><![CDATA[]]></system-err>
</testsuite>
