<?xml version="1.0" encoding="UTF-8"?>
<testsuite name="org.example.projects.ProductionLineRepositoryTests" tests="1" skipped="0" failures="0" errors="0" timestamp="2025-03-27T11:07:37" hostname="DESKTOP-T64HO54" time="0.363">
  <properties/>
  <testcase name="testPlanInsert()" classname="org.example.projects.ProductionLineRepositoryTests" time="0.363"/>
  <system-out><![CDATA[20:07:28.957 [Test worker] DEBUG org.springframework.test.context.BootstrapUtils - Instantiating CacheAwareContextLoaderDelegate from class [org.springframework.test.context.cache.DefaultCacheAwareContextLoaderDelegate]
20:07:28.975 [Test worker] DEBUG org.springframework.test.context.BootstrapUtils - Instantiating BootstrapContext using constructor [public org.springframework.test.context.support.DefaultBootstrapContext(java.lang.Class,org.springframework.test.context.CacheAwareContextLoaderDelegate)]
20:07:29.032 [Test worker] DEBUG org.springframework.test.context.BootstrapUtils - Instantiating TestContextBootstrapper for test class [org.example.projects.ProductionLineRepositoryTests] from class [org.springframework.boot.test.context.SpringBootTestContextBootstrapper]
20:07:29.047 [Test worker] INFO org.springframework.boot.test.context.SpringBootTestContextBootstrapper - Neither @ContextConfiguration nor @ContextHierarchy found for test class [org.example.projects.ProductionLineRepositoryTests], using SpringBootContextLoader
20:07:29.053 [Test worker] DEBUG org.springframework.test.context.support.AbstractContextLoader - Did not detect default resource location for test class [org.example.projects.ProductionLineRepositoryTests]: class path resource [org/example/projects/ProductionLineRepositoryTests-context.xml] does not exist
20:07:29.054 [Test worker] DEBUG org.springframework.test.context.support.AbstractContextLoader - Did not detect default resource location for test class [org.example.projects.ProductionLineRepositoryTests]: class path resource [org/example/projects/ProductionLineRepositoryTestsContext.groovy] does not exist
20:07:29.054 [Test worker] INFO org.springframework.test.context.support.AbstractContextLoader - Could not detect default resource locations for test class [org.example.projects.ProductionLineRepositoryTests]: no resource found for suffixes {-context.xml, Context.groovy}.
20:07:29.055 [Test worker] INFO org.springframework.test.context.support.AnnotationConfigContextLoaderUtils - Could not detect default configuration classes for test class [org.example.projects.ProductionLineRepositoryTests]: ProductionLineRepositoryTests does not declare any static, non-private, non-final, nested classes annotated with @Configuration.
20:07:29.122 [Test worker] DEBUG org.springframework.test.context.support.ActiveProfilesUtils - Could not find an 'annotation declaring class' for annotation type [org.springframework.test.context.ActiveProfiles] and class [org.example.projects.ProductionLineRepositoryTests]
20:07:29.227 [Test worker] DEBUG org.springframework.context.annotation.ClassPathScanningCandidateComponentProvider - Identified candidate component class: file [D:\20250319MES-Group2\20250319MES-Group2\build\classes\java\main\org\example\Main.class]
20:07:29.232 [Test worker] INFO org.springframework.boot.test.context.SpringBootTestContextBootstrapper - Found @SpringBootConfiguration org.example.Main for test class org.example.projects.ProductionLineRepositoryTests
20:07:29.399 [Test worker] DEBUG org.springframework.boot.test.context.SpringBootTestContextBootstrapper - @TestExecutionListeners is not present for class [org.example.projects.ProductionLineRepositoryTests]: using defaults.
20:07:29.400 [Test worker] INFO org.springframework.boot.test.context.SpringBootTestContextBootstrapper - Loaded default TestExecutionListener class names from location [META-INF/spring.factories]: [org.springframework.boot.test.autoconfigure.restdocs.RestDocsTestExecutionListener, org.springframework.boot.test.autoconfigure.web.client.MockRestServiceServerResetTestExecutionListener, org.springframework.boot.test.autoconfigure.web.servlet.MockMvcPrintOnlyOnFailureTestExecutionListener, org.springframework.boot.test.autoconfigure.web.servlet.WebDriverTestExecutionListener, org.springframework.boot.test.autoconfigure.webservices.client.MockWebServiceServerTestExecutionListener, org.springframework.boot.test.mock.mockito.MockitoTestExecutionListener, org.springframework.boot.test.mock.mockito.ResetMocksTestExecutionListener, org.springframework.test.context.web.ServletTestExecutionListener, org.springframework.test.context.support.DirtiesContextBeforeModesTestExecutionListener, org.springframework.test.context.event.ApplicationEventsTestExecutionListener, org.springframework.test.context.support.DependencyInjectionTestExecutionListener, org.springframework.test.context.support.DirtiesContextTestExecutionListener, org.springframework.test.context.transaction.TransactionalTestExecutionListener, org.springframework.test.context.jdbc.SqlScriptsTestExecutionListener, org.springframework.test.context.event.EventPublishingTestExecutionListener]
20:07:29.426 [Test worker] INFO org.springframework.boot.test.context.SpringBootTestContextBootstrapper - Using TestExecutionListeners: [org.springframework.test.context.web.ServletTestExecutionListener@25243bc1, org.springframework.test.context.support.DirtiesContextBeforeModesTestExecutionListener@1e287667, org.springframework.test.context.event.ApplicationEventsTestExecutionListener@2e6ee0bc, org.springframework.boot.test.mock.mockito.MockitoTestExecutionListener@4201a617, org.springframework.boot.test.autoconfigure.SpringBootDependencyInjectionTestExecutionListener@467f77a5, org.springframework.test.context.support.DirtiesContextTestExecutionListener@1bb9aa43, org.springframework.test.context.transaction.TransactionalTestExecutionListener@420bc288, org.springframework.test.context.jdbc.SqlScriptsTestExecutionListener@df5f5c0, org.springframework.test.context.event.EventPublishingTestExecutionListener@308a6984, org.springframework.boot.test.autoconfigure.restdocs.RestDocsTestExecutionListener@66b72664, org.springframework.boot.test.autoconfigure.web.client.MockRestServiceServerResetTestExecutionListener@7a34b7b8, org.springframework.boot.test.autoconfigure.web.servlet.MockMvcPrintOnlyOnFailureTestExecutionListener@58cd06cb, org.springframework.boot.test.autoconfigure.web.servlet.WebDriverTestExecutionListener@3be8821f, org.springframework.boot.test.autoconfigure.webservices.client.MockWebServiceServerTestExecutionListener@64b31700, org.springframework.boot.test.mock.mockito.ResetMocksTestExecutionListener@3b65e559]
20:07:29.433 [Test worker] DEBUG org.springframework.test.context.support.AbstractDirtiesContextTestExecutionListener - Before test class: context [DefaultTestContext@71652c98 testClass = ProductionLineRepositoryTests, testInstance = [null], testMethod = [null], testException = [null], mergedContextConfiguration = [WebMergedContextConfiguration@51bde877 testClass = ProductionLineRepositoryTests, locations = '{}', classes = '{class org.example.Main}', contextInitializerClasses = '[]', activeProfiles = '{}', propertySourceLocations = '{}', propertySourceProperties = '{org.springframework.boot.test.context.SpringBootTestContextBootstrapper=true}', contextCustomizers = set[org.springframework.boot.test.autoconfigure.actuate.metrics.MetricsExportContextCustomizerFactory$DisableMetricExportContextCustomizer@55b5f5d2, org.springframework.boot.test.autoconfigure.properties.PropertyMappingContextCustomizer@0, org.springframework.boot.test.autoconfigure.web.servlet.WebDriverContextCustomizerFactory$Customizer@242aa8d9, org.springframework.boot.test.context.filter.ExcludeFilterContextCustomizer@4721d212, org.springframework.boot.test.json.DuplicateJsonObjectContextCustomizerFactory$DuplicateJsonObjectContextCustomizer@62dae540, org.springframework.boot.test.mock.mockito.MockitoContextCustomizer@0, org.springframework.boot.test.web.client.TestRestTemplateContextCustomizer@3c435123, org.springframework.boot.test.context.SpringBootTestArgs@1, org.springframework.boot.test.context.SpringBootTestWebEnvironment@1cd629b3], resourceBasePath = 'src/main/webapp', contextLoader = 'org.springframework.boot.test.context.SpringBootContextLoader', parent = [null]], attributes = map['org.springframework.test.context.web.ServletTestExecutionListener.activateListener' -> true]], class annotated with @DirtiesContext [false] with mode [null].

  .   ____          _            __ _ _
 /\\ / ___'_ __ _ _(_)_ __  __ _ \ \ \ \
( ( )\___ | '_ | '_| | '_ \/ _` | \ \ \ \
 \\/  ___)| |_)| | | | | || (_| |  ) ) ) )
  '  |____| .__|_| |_|_| |_\__, | / / / /
 =========|_|==============|___/=/_/_/_/
 :: Spring Boot ::                (v2.7.3)

2025-03-27 20:07:29.972  INFO 12744 --- [    Test worker] o.e.p.ProductionLineRepositoryTests      : Starting ProductionLineRepositoryTests using Java 11.0.2 on DESKTOP-T64HO54 with PID 12744 (started by human-08 in D:\20250319MES-Group2\20250319MES-Group2)
2025-03-27 20:07:29.974  INFO 12744 --- [    Test worker] o.e.p.ProductionLineRepositoryTests      : No active profile set, falling back to 1 default profile: "default"
2025-03-27 20:07:31.512  INFO 12744 --- [    Test worker] .s.d.r.c.RepositoryConfigurationDelegate : Bootstrapping Spring Data JPA repositories in DEFAULT mode.
2025-03-27 20:07:31.591  INFO 12744 --- [    Test worker] .s.d.r.c.RepositoryConfigurationDelegate : Finished Spring Data repository scanning in 69 ms. Found 6 JPA repository interfaces.
2025-03-27 20:07:31.744  WARN 12744 --- [    Test worker] o.m.s.mapper.ClassPathMapperScanner      : No MyBatis mapper was found in '[org.example]' package. Please check your configuration.
2025-03-27 20:07:32.383  INFO 12744 --- [    Test worker] o.hibernate.jpa.internal.util.LogHelper  : HHH000204: Processing PersistenceUnitInfo [name: default]
2025-03-27 20:07:32.444  INFO 12744 --- [    Test worker] org.hibernate.Version                    : HHH000412: Hibernate ORM core version 5.6.10.Final
2025-03-27 20:07:32.654  INFO 12744 --- [    Test worker] o.hibernate.annotations.common.Version   : HCANN000001: Hibernate Commons Annotations {5.1.2.Final}
2025-03-27 20:07:32.760  INFO 12744 --- [    Test worker] com.zaxxer.hikari.HikariDataSource       : HikariPool-1 - Starting...
2025-03-27 20:07:32.839  INFO 12744 --- [    Test worker] com.zaxxer.hikari.HikariDataSource       : HikariPool-1 - Start completed.
2025-03-27 20:07:32.859  INFO 12744 --- [    Test worker] org.hibernate.dialect.Dialect            : HHH000400: Using dialect: org.hibernate.dialect.MariaDBDialect
2025-03-27 20:07:33.828  INFO 12744 --- [    Test worker] o.h.e.t.j.p.i.JtaPlatformInitiator       : HHH000490: Using JtaPlatform implementation: [org.hibernate.engine.transaction.jta.platform.internal.NoJtaPlatform]
2025-03-27 20:07:33.837  INFO 12744 --- [    Test worker] j.LocalContainerEntityManagerFactoryBean : Initialized JPA EntityManagerFactory for persistence unit 'default'
2025-03-27 20:07:34.428 DEBUG 12744 --- [    Test worker] .PrePostAnnotationSecurityMetadataSource : @org.springframework.security.access.prepost.PreAuthorize(value="hasRole('USER')") found on specific method: public java.lang.String org.example.projects.controller.ProductionLineController.modifyLine(org.example.projects.dto.ProductionLineDTO)
2025-03-27 20:07:34.455 DEBUG 12744 --- [    Test worker] m.DelegatingMethodSecurityMetadataSource : Caching method [CacheKey[org.example.projects.controller.ProductionLineController; public java.lang.String org.example.projects.controller.ProductionLineController.modifyLine(org.example.projects.dto.ProductionLineDTO)]] with attributes [[authorize: 'hasRole('USER')', filter: 'null', filterTarget: 'null']]
2025-03-27 20:07:34.478 TRACE 12744 --- [    Test worker] o.s.s.a.i.a.MethodSecurityInterceptor    : Validated configuration attributes
2025-03-27 20:07:34.479 DEBUG 12744 --- [    Test worker] .PrePostAnnotationSecurityMetadataSource : @org.springframework.security.access.prepost.PreAuthorize(value="hasRole('USER')") found on specific method: public java.lang.String org.example.projects.controller.ProductionLineController.createLine(org.example.projects.dto.ProductionLineDTO)
2025-03-27 20:07:34.480 DEBUG 12744 --- [    Test worker] m.DelegatingMethodSecurityMetadataSource : Caching method [CacheKey[org.example.projects.controller.ProductionLineController; public java.lang.String org.example.projects.controller.ProductionLineController.createLine(org.example.projects.dto.ProductionLineDTO)]] with attributes [[authorize: 'hasRole('USER')', filter: 'null', filterTarget: 'null']]
2025-03-27 20:07:34.906 DEBUG 12744 --- [    Test worker] .PrePostAnnotationSecurityMetadataSource : @org.springframework.security.access.prepost.PreAuthorize(value="hasRole('USER')") found on specific method: public java.lang.String org.example.projects.controller.ProductionPlanController.createPlan(org.example.projects.dto.ProductionPlanDTO,java.lang.String,org.springframework.web.multipart.MultipartFile)
2025-03-27 20:07:34.906 DEBUG 12744 --- [    Test worker] m.DelegatingMethodSecurityMetadataSource : Caching method [CacheKey[org.example.projects.controller.ProductionPlanController; public java.lang.String org.example.projects.controller.ProductionPlanController.createPlan(org.example.projects.dto.ProductionPlanDTO,java.lang.String,org.springframework.web.multipart.MultipartFile)]] with attributes [[authorize: 'hasRole('USER')', filter: 'null', filterTarget: 'null']]
2025-03-27 20:07:34.965 DEBUG 12744 --- [    Test worker] .PrePostAnnotationSecurityMetadataSource : @org.springframework.security.access.prepost.PreAuthorize(value="hasRole('USER')") found on specific method: public java.lang.String org.example.projects.controller.ProductionPlanController.modifyPlan(org.example.projects.dto.ProductionPlanDTO,java.lang.String,org.springframework.web.multipart.MultipartFile)
2025-03-27 20:07:34.965 DEBUG 12744 --- [    Test worker] m.DelegatingMethodSecurityMetadataSource : Caching method [CacheKey[org.example.projects.controller.ProductionPlanController; public java.lang.String org.example.projects.controller.ProductionPlanController.modifyPlan(org.example.projects.dto.ProductionPlanDTO,java.lang.String,org.springframework.web.multipart.MultipartFile)]] with attributes [[authorize: 'hasRole('USER')', filter: 'null', filterTarget: 'null']]
2025-03-27 20:07:34.975 DEBUG 12744 --- [    Test worker] .PrePostAnnotationSecurityMetadataSource : @org.springframework.security.access.prepost.PreAuthorize(value="hasRole('USER')") found on specific method: public java.lang.String org.example.projects.controller.ProductionPlanController.deletePlan(java.lang.Long)
2025-03-27 20:07:34.976 DEBUG 12744 --- [    Test worker] m.DelegatingMethodSecurityMetadataSource : Caching method [CacheKey[org.example.projects.controller.ProductionPlanController; public java.lang.String org.example.projects.controller.ProductionPlanController.deletePlan(java.lang.Long)]] with attributes [[authorize: 'hasRole('USER')', filter: 'null', filterTarget: 'null']]
2025-03-27 20:07:35.176 TRACE 12744 --- [    Test worker] eGlobalAuthenticationAutowiredConfigurer : Eagerly initializing {customSecurityConfig=org.example.projects.config.CustomSecurityConfig$$EnhancerBySpringCGLIB$$bcf60095@47bbf44d}
2025-03-27 20:07:35.331  INFO 12744 --- [    Test worker] o.e.p.config.CustomSecurityConfig        : ---------------------config-----------------------------
2025-03-27 20:07:35.480 DEBUG 12744 --- [    Test worker] edFilterInvocationSecurityMetadataSource : Adding web access control expression [permitAll] for ExactUrl [processUrl='/login?error=true']
2025-03-27 20:07:35.481 DEBUG 12744 --- [    Test worker] edFilterInvocationSecurityMetadataSource : Adding web access control expression [permitAll] for ExactUrl [processUrl='/login']
2025-03-27 20:07:35.481 DEBUG 12744 --- [    Test worker] edFilterInvocationSecurityMetadataSource : Adding web access control expression [permitAll] for ExactUrl [processUrl='/login']
2025-03-27 20:07:35.482 DEBUG 12744 --- [    Test worker] edFilterInvocationSecurityMetadataSource : Adding web access control expression [permitAll] for Ant [pattern='/login']
2025-03-27 20:07:35.482 DEBUG 12744 --- [    Test worker] edFilterInvocationSecurityMetadataSource : Adding web access control expression [permitAll] for Ant [pattern='/oauth2/**']
2025-03-27 20:07:35.482 DEBUG 12744 --- [    Test worker] edFilterInvocationSecurityMetadataSource : Adding web access control expression [permitAll] for Ant [pattern='/error']
2025-03-27 20:07:35.482 DEBUG 12744 --- [    Test worker] edFilterInvocationSecurityMetadataSource : Adding web access control expression [hasRole('ROLE_USER')] for Ant [pattern='/plan/**']
2025-03-27 20:07:35.482 DEBUG 12744 --- [    Test worker] edFilterInvocationSecurityMetadataSource : Adding web access control expression [authenticated] for any request
2025-03-27 20:07:35.489 TRACE 12744 --- [    Test worker] o.s.s.w.a.i.FilterSecurityInterceptor    : Validated configuration attributes
2025-03-27 20:07:35.489 TRACE 12744 --- [    Test worker] o.s.s.w.a.i.FilterSecurityInterceptor    : Validated configuration attributes
2025-03-27 20:07:35.499  INFO 12744 --- [    Test worker] o.s.s.web.DefaultSecurityFilterChain     : Will secure any request with [org.springframework.security.web.session.DisableEncodeUrlFilter@4ff00844, org.springframework.security.web.context.request.async.WebAsyncManagerIntegrationFilter@20ee660b, org.springframework.security.web.context.SecurityContextPersistenceFilter@21d561c9, org.springframework.security.web.header.HeaderWriterFilter@3bbb3c84, org.springframework.security.web.authentication.logout.LogoutFilter@1db7c267, org.springframework.security.web.authentication.UsernamePasswordAuthenticationFilter@507e3e77, org.springframework.security.web.savedrequest.RequestCacheAwareFilter@5bd191c2, org.springframework.security.web.servletapi.SecurityContextHolderAwareRequestFilter@51806858, org.springframework.security.web.authentication.rememberme.RememberMeAuthenticationFilter@2ac00dc9, org.springframework.security.web.authentication.AnonymousAuthenticationFilter@40e41f88, org.springframework.security.web.session.SessionManagementFilter@3e242137, org.springframework.security.web.access.ExceptionTranslationFilter@186fc6e, org.springframework.security.web.access.intercept.FilterSecurityInterceptor@4a84beb7]
2025-03-27 20:07:35.503  INFO 12744 --- [    Test worker] o.e.p.config.CustomSecurityConfig        : -------------------------web configure--------------------
2025-03-27 20:07:35.510  WARN 12744 --- [    Test worker] o.s.s.c.a.web.builders.WebSecurity       : You are asking Spring Security to ignore org.springframework.boot.autoconfigure.security.servlet.StaticResourceRequest$StaticResourceRequestMatcher@2a41d17a. This is not recommended -- please use permitAll via HttpSecurity#authorizeHttpRequests instead.
2025-03-27 20:07:35.511  INFO 12744 --- [    Test worker] o.s.s.web.DefaultSecurityFilterChain     : Will not secure org.springframework.boot.autoconfigure.security.servlet.StaticResourceRequest$StaticResourceRequestMatcher@2a41d17a
2025-03-27 20:07:35.791  WARN 12744 --- [    Test worker] JpaBaseConfiguration$JpaWebConfiguration : spring.jpa.open-in-view is enabled by default. Therefore, database queries may be performed during view rendering. Explicitly configure spring.jpa.open-in-view to disable this warning
2025-03-27 20:07:36.987  INFO 12744 --- [    Test worker] o.s.b.a.e.web.EndpointLinksResolver      : Exposing 1 endpoint(s) beneath base path '/actuator'
2025-03-27 20:07:37.059  INFO 12744 --- [    Test worker] o.e.p.ProductionLineRepositoryTests      : Started ProductionLineRepositoryTests in 7.524 seconds (JVM running for 9.313)
Hibernate: 
    select
        count(*) as col_0_0_ 
    from
        user_role userrole0_
Hibernate: 
    insert 
    into
        production_plans
        (end_date, file_url, manager, plan_status, priority, product_name, start_date, target_qty) 
    values
        (?, ?, ?, ?, ?, ?, ?, ?)
2025-03-27 20:07:37.324  INFO 12744 --- [    Test worker] o.e.p.ProductionLineRepositoryTests      : Saved Production Plan - ID: 7
Hibernate: 
    insert 
    into
        production_plans
        (end_date, file_url, manager, plan_status, priority, product_name, start_date, target_qty) 
    values
        (?, ?, ?, ?, ?, ?, ?, ?)
2025-03-27 20:07:37.330  INFO 12744 --- [    Test worker] o.e.p.ProductionLineRepositoryTests      : Saved Production Plan - ID: 8
Hibernate: 
    insert 
    into
        production_plans
        (end_date, file_url, manager, plan_status, priority, product_name, start_date, target_qty) 
    values
        (?, ?, ?, ?, ?, ?, ?, ?)
2025-03-27 20:07:37.339  INFO 12744 --- [    Test worker] o.e.p.ProductionLineRepositoryTests      : Saved Production Plan - ID: 9
Hibernate: 
    insert 
    into
        production_plans
        (end_date, file_url, manager, plan_status, priority, product_name, start_date, target_qty) 
    values
        (?, ?, ?, ?, ?, ?, ?, ?)
2025-03-27 20:07:37.347  INFO 12744 --- [    Test worker] o.e.p.ProductionLineRepositoryTests      : Saved Production Plan - ID: 10
Hibernate: 
    insert 
    into
        production_plans
        (end_date, file_url, manager, plan_status, priority, product_name, start_date, target_qty) 
    values
        (?, ?, ?, ?, ?, ?, ?, ?)
2025-03-27 20:07:37.355  INFO 12744 --- [    Test worker] o.e.p.ProductionLineRepositoryTests      : Saved Production Plan - ID: 11
Hibernate: 
    insert 
    into
        production_plans
        (end_date, file_url, manager, plan_status, priority, product_name, start_date, target_qty) 
    values
        (?, ?, ?, ?, ?, ?, ?, ?)
2025-03-27 20:07:37.363  INFO 12744 --- [    Test worker] o.e.p.ProductionLineRepositoryTests      : Saved Production Plan - ID: 12
Hibernate: 
    insert 
    into
        production_plans
        (end_date, file_url, manager, plan_status, priority, product_name, start_date, target_qty) 
    values
        (?, ?, ?, ?, ?, ?, ?, ?)
2025-03-27 20:07:37.371  INFO 12744 --- [    Test worker] o.e.p.ProductionLineRepositoryTests      : Saved Production Plan - ID: 13
Hibernate: 
    insert 
    into
        production_plans
        (end_date, file_url, manager, plan_status, priority, product_name, start_date, target_qty) 
    values
        (?, ?, ?, ?, ?, ?, ?, ?)
2025-03-27 20:07:37.379  INFO 12744 --- [    Test worker] o.e.p.ProductionLineRepositoryTests      : Saved Production Plan - ID: 14
Hibernate: 
    insert 
    into
        production_plans
        (end_date, file_url, manager, plan_status, priority, product_name, start_date, target_qty) 
    values
        (?, ?, ?, ?, ?, ?, ?, ?)
2025-03-27 20:07:37.388  INFO 12744 --- [    Test worker] o.e.p.ProductionLineRepositoryTests      : Saved Production Plan - ID: 15
Hibernate: 
    insert 
    into
        production_plans
        (end_date, file_url, manager, plan_status, priority, product_name, start_date, target_qty) 
    values
        (?, ?, ?, ?, ?, ?, ?, ?)
2025-03-27 20:07:37.406  INFO 12744 --- [    Test worker] o.e.p.ProductionLineRepositoryTests      : Saved Production Plan - ID: 16
Hibernate: 
    insert 
    into
        production_plans
        (end_date, file_url, manager, plan_status, priority, product_name, start_date, target_qty) 
    values
        (?, ?, ?, ?, ?, ?, ?, ?)
2025-03-27 20:07:37.412  INFO 12744 --- [    Test worker] o.e.p.ProductionLineRepositoryTests      : Saved Production Plan - ID: 17
Hibernate: 
    insert 
    into
        production_plans
        (end_date, file_url, manager, plan_status, priority, product_name, start_date, target_qty) 
    values
        (?, ?, ?, ?, ?, ?, ?, ?)
2025-03-27 20:07:37.419  INFO 12744 --- [    Test worker] o.e.p.ProductionLineRepositoryTests      : Saved Production Plan - ID: 18
Hibernate: 
    insert 
    into
        production_plans
        (end_date, file_url, manager, plan_status, priority, product_name, start_date, target_qty) 
    values
        (?, ?, ?, ?, ?, ?, ?, ?)
2025-03-27 20:07:37.437  INFO 12744 --- [    Test worker] o.e.p.ProductionLineRepositoryTests      : Saved Production Plan - ID: 19
Hibernate: 
    insert 
    into
        production_plans
        (end_date, file_url, manager, plan_status, priority, product_name, start_date, target_qty) 
    values
        (?, ?, ?, ?, ?, ?, ?, ?)
2025-03-27 20:07:37.445  INFO 12744 --- [    Test worker] o.e.p.ProductionLineRepositoryTests      : Saved Production Plan - ID: 20
Hibernate: 
    insert 
    into
        production_plans
        (end_date, file_url, manager, plan_status, priority, product_name, start_date, target_qty) 
    values
        (?, ?, ?, ?, ?, ?, ?, ?)
2025-03-27 20:07:37.453  INFO 12744 --- [    Test worker] o.e.p.ProductionLineRepositoryTests      : Saved Production Plan - ID: 21
Hibernate: 
    insert 
    into
        production_plans
        (end_date, file_url, manager, plan_status, priority, product_name, start_date, target_qty) 
    values
        (?, ?, ?, ?, ?, ?, ?, ?)
2025-03-27 20:07:37.467  INFO 12744 --- [    Test worker] o.e.p.ProductionLineRepositoryTests      : Saved Production Plan - ID: 22
Hibernate: 
    insert 
    into
        production_plans
        (end_date, file_url, manager, plan_status, priority, product_name, start_date, target_qty) 
    values
        (?, ?, ?, ?, ?, ?, ?, ?)
2025-03-27 20:07:37.481  INFO 12744 --- [    Test worker] o.e.p.ProductionLineRepositoryTests      : Saved Production Plan - ID: 23
Hibernate: 
    insert 
    into
        production_plans
        (end_date, file_url, manager, plan_status, priority, product_name, start_date, target_qty) 
    values
        (?, ?, ?, ?, ?, ?, ?, ?)
2025-03-27 20:07:37.488  INFO 12744 --- [    Test worker] o.e.p.ProductionLineRepositoryTests      : Saved Production Plan - ID: 24
Hibernate: 
    insert 
    into
        production_plans
        (end_date, file_url, manager, plan_status, priority, product_name, start_date, target_qty) 
    values
        (?, ?, ?, ?, ?, ?, ?, ?)
2025-03-27 20:07:37.495  INFO 12744 --- [    Test worker] o.e.p.ProductionLineRepositoryTests      : Saved Production Plan - ID: 25
Hibernate: 
    insert 
    into
        production_plans
        (end_date, file_url, manager, plan_status, priority, product_name, start_date, target_qty) 
    values
        (?, ?, ?, ?, ?, ?, ?, ?)
2025-03-27 20:07:37.517  INFO 12744 --- [    Test worker] o.e.p.ProductionLineRepositoryTests      : Saved Production Plan - ID: 26
]]></system-out>
  <system-err><![CDATA[]]></system-err>
</testsuite>
